{
  "RSpec": {
    "coverage": {
      "/home/usuario/LPP/n/lib/alimento.rb": [
        1,
        1,
        1,
        1,
        null,
        null,
        1,
        null,
        null,
        null
      ],
      "/home/usuario/LPP/n/lib/alimento/alimento.rb": [
        null,
        null,
        null,
        null,
        null,
        null,
        null,
        null,
        null,
        null,
        null,
        null,
        1,
        null,
        null,
        1,
        null,
        1,
        null,
        1,
        null,
        1,
        null,
        77,
        null,
        null,
        null,
        1,
        145,
        145,
        null,
        null,
        1,
        2648,
        null,
        null,
        null,
        1,
        null,
        2,
        null,
        null,
        null,
        null,
        null,
        1,
        null,
        1,
        null,
        1,
        38,
        38,
        null,
        null,
        1,
        1,
        1,
        1,
        null,
        null,
        null
      ],
      "/home/usuario/LPP/n/lib/alimento/lista.rb": [
        1,
        null,
        null,
        1,
        null,
        1,
        null,
        1,
        null,
        1,
        1,
        null,
        null,
        1,
        3,
        3,
        54,
        54,
        null,
        3,
        null,
        null,
        1,
        19,
        1,
        1,
        1,
        1,
        null,
        null,
        19,
        19,
        19,
        19,
        19,
        19,
        null,
        null,
        null,
        1,
        0,
        null,
        null,
        1,
        0,
        null,
        null
      ],
      "/home/usuario/LPP/n/lib/alimento/funcional.rb": [
        1,
        2,
        2,
        2,
        2,
        32,
        32,
        576,
        184,
        184,
        null,
        null,
        null,
        2,
        null,
        null,
        1,
        2,
        null,
        2,
        2,
        2,
        32,
        32,
        608,
        184,
        184,
        null,
        null,
        null,
        2,
        null
      ],
      "/home/usuario/LPP/n/lib/alimento/plato.rb": [
        1,
        1,
        null,
        1,
        4,
        null,
        null,
        null,
        1,
        1,
        null,
        1,
        1,
        1,
        1,
        1,
        1,
        1,
        1,
        1,
        null,
        null,
        1,
        1,
        0,
        null,
        1,
        null,
        null,
        null,
        1,
        1,
        1,
        1,
        1,
        1,
        1,
        1,
        1,
        1,
        null,
        1,
        17,
        1,
        1,
        1,
        1,
        1,
        2,
        1,
        1,
        null,
        0,
        0,
        null,
        1,
        null,
        null,
        1,
        20,
        1,
        1,
        1,
        1,
        1,
        1,
        1,
        1,
        null,
        0,
        0,
        null,
        1,
        null,
        1,
        14,
        1,
        1,
        1,
        1,
        1,
        3,
        1,
        1,
        null,
        0,
        0,
        null,
        1,
        null,
        1,
        17,
        2,
        2,
        2,
        2,
        2,
        9,
        2,
        2,
        null,
        0,
        0,
        null,
        2,
        null,
        null,
        null
      ]
    },
    "timestamp": 1513157408
  }
}
